-------------------------------------------------------------------------------
Test set: cucumberOptions.TestRunner
-------------------------------------------------------------------------------
Tests run: 4, Failures: 0, Errors: 2, Skipped: 1, Time elapsed: 104.196 sec <<< FAILURE!
Given I am logged into wp.nyu.edu in "MozillaHL"(| Y | MozillaHL |)  Time elapsed: 0.022 sec  <<< ERROR!
org.openqa.selenium.WebDriverException: Reached error page: about:neterror?e=netTimeout&u=https%3A//devhercules.home.nyu.edu/&c=UTF-8&f=regular&d=The%20server%20at%20devhercules.home.nyu.edu%20is%20taking%20too%20long%20to%20respond.
Build info: version: '3.4.0', revision: 'unknown', time: 'unknown'
System info: host: 'ip-172-31-36-232', ip: '172.31.36.232', os.name: 'Linux', os.arch: 'amd64', os.version: '4.15.0-1043-aws', java.version: '1.8.0_212'
Driver info: org.openqa.selenium.firefox.FirefoxDriver
Capabilities [{moz:profile=/tmp/rust_mozprofile.kXT5Q5FRMGO6, rotatable=false, moz:geckodriverVersion=0.24.0, timeouts={implicit=0.0, pageLoad=300000.0, script=30000.0}, pageLoadStrategy=normal, unhandledPromptBehavior=dismiss and notify, strictFileInteractability=false, moz:headless=true, platform=ANY, moz:accessibilityChecks=false, moz:useNonSpecCompliantPointerOrigin=false, acceptInsecureCerts=false, browserVersion=68.0, moz:shutdownTimeout=60000.0, platformVersion=4.15.0-1043-aws, moz:processID=8279.0, browserName=firefox, moz:buildID=20190706110151, javascriptEnabled=true, platformName=linux, setWindowRect=true, moz:webdriverClick=true}]
Session ID: 0c57f6cf-78c8-4d7a-8677-66f73edb4148
	at sun.reflect.NativeConstructorAccessorImpl.newInstance0(Native Method)
	at sun.reflect.NativeConstructorAccessorImpl.newInstance(NativeConstructorAccessorImpl.java:62)
	at sun.reflect.DelegatingConstructorAccessorImpl.newInstance(DelegatingConstructorAccessorImpl.java:45)
	at java.lang.reflect.Constructor.newInstance(Constructor.java:423)
	at org.openqa.selenium.remote.http.W3CHttpResponseCodec.createException(W3CHttpResponseCodec.java:150)
	at org.openqa.selenium.remote.http.W3CHttpResponseCodec.decode(W3CHttpResponseCodec.java:115)
	at org.openqa.selenium.remote.http.W3CHttpResponseCodec.decode(W3CHttpResponseCodec.java:45)
	at org.openqa.selenium.remote.HttpCommandExecutor.execute(HttpCommandExecutor.java:164)
	at org.openqa.selenium.remote.service.DriverCommandExecutor.execute(DriverCommandExecutor.java:82)
	at org.openqa.selenium.remote.RemoteWebDriver.execute(RemoteWebDriver.java:637)
	at org.openqa.selenium.remote.RemoteWebDriver.get(RemoteWebDriver.java:364)
	at util.WebConnector.navigate(WebConnector.java:154)
	at util.WebConnector.nyuWebPublishingDefaultLogin(WebConnector.java:376)
	at stepDefinitions.stepDefinition.i_am_logged_into_wp_nyu_edu_in(stepDefinition.java:38)
	at ✽.Given I am logged into wp.nyu.edu in "MozillaHL"(Account.feature:12)

| Y | MozillaHL |  Time elapsed: 0.026 sec  <<< ERROR!
org.openqa.selenium.WebDriverException: Reached error page: about:neterror?e=netTimeout&u=https%3A//devhercules.home.nyu.edu/&c=UTF-8&f=regular&d=The%20server%20at%20devhercules.home.nyu.edu%20is%20taking%20too%20long%20to%20respond.
Build info: version: '3.4.0', revision: 'unknown', time: 'unknown'
System info: host: 'ip-172-31-36-232', ip: '172.31.36.232', os.name: 'Linux', os.arch: 'amd64', os.version: '4.15.0-1043-aws', java.version: '1.8.0_212'
Driver info: org.openqa.selenium.firefox.FirefoxDriver
Capabilities [{moz:profile=/tmp/rust_mozprofile.kXT5Q5FRMGO6, rotatable=false, moz:geckodriverVersion=0.24.0, timeouts={implicit=0.0, pageLoad=300000.0, script=30000.0}, pageLoadStrategy=normal, unhandledPromptBehavior=dismiss and notify, strictFileInteractability=false, moz:headless=true, platform=ANY, moz:accessibilityChecks=false, moz:useNonSpecCompliantPointerOrigin=false, acceptInsecureCerts=false, browserVersion=68.0, moz:shutdownTimeout=60000.0, platformVersion=4.15.0-1043-aws, moz:processID=8279.0, browserName=firefox, moz:buildID=20190706110151, javascriptEnabled=true, platformName=linux, setWindowRect=true, moz:webdriverClick=true}]
Session ID: 0c57f6cf-78c8-4d7a-8677-66f73edb4148
	at sun.reflect.NativeConstructorAccessorImpl.newInstance0(Native Method)
	at sun.reflect.NativeConstructorAccessorImpl.newInstance(NativeConstructorAccessorImpl.java:62)
	at sun.reflect.DelegatingConstructorAccessorImpl.newInstance(DelegatingConstructorAccessorImpl.java:45)
	at java.lang.reflect.Constructor.newInstance(Constructor.java:423)
	at org.openqa.selenium.remote.http.W3CHttpResponseCodec.createException(W3CHttpResponseCodec.java:150)
	at org.openqa.selenium.remote.http.W3CHttpResponseCodec.decode(W3CHttpResponseCodec.java:115)
	at org.openqa.selenium.remote.http.W3CHttpResponseCodec.decode(W3CHttpResponseCodec.java:45)
	at org.openqa.selenium.remote.HttpCommandExecutor.execute(HttpCommandExecutor.java:164)
	at org.openqa.selenium.remote.service.DriverCommandExecutor.execute(DriverCommandExecutor.java:82)
	at org.openqa.selenium.remote.RemoteWebDriver.execute(RemoteWebDriver.java:637)
	at org.openqa.selenium.remote.RemoteWebDriver.get(RemoteWebDriver.java:364)
	at util.WebConnector.navigate(WebConnector.java:154)
	at util.WebConnector.nyuWebPublishingDefaultLogin(WebConnector.java:376)
	at stepDefinitions.stepDefinition.i_am_logged_into_wp_nyu_edu_in(stepDefinition.java:38)
	at ✽.Given I am logged into wp.nyu.edu in "MozillaHL"(Account.feature:12)

