<?xml version="1.0" encoding="UTF-8" ?>
<testsuite tests="14" failures="0" name="cucumberOptions.TestRunner" time="0.221" errors="2" skipped="5">
  <properties>
[...]
</properties>
  <testcase classname="| Y | MozillaHL |" name="Given Runmode is &quot;Y&quot;" time="0.002"/>
  <testcase classname="| Y | MozillaHL |" name="Given I am logged into wp.nyu.edu in &quot;MozillaHL&quot;" time="0"/>
  <testcase classname="| Y | MozillaHL |" name="And I close the browser" time="0"/>
  <testcase classname="| Y | MozillaHL |" name="| Y | MozillaHL |" time="0.005"/>
  <testcase classname="| Y | MozillaHL |" name="Given Runmode is &quot;Y&quot;" time="0.003"/>
  <testcase classname="| Y | MozillaHL |" name="Given I am logged into wp.nyu.edu in &quot;MozillaHL&quot;" time="0"/>
  <testcase classname="| Y | MozillaHL |" name="When I click on &quot;Create&quot; Link" time="0"/>
  <testcase classname="| Y | MozillaHL |" name="Then I should see &quot;Admin_Email_Field&quot;" time="0.029">
    <error message="Unable to locate element: /html/body/div[2]/main/article/div[3]/div/form/div/div/fieldset/div/input[1]
For documentation on this error, please visit: http://seleniumhq.org/exceptions/no_such_element.html
Build info: version: &apos;3.4.0&apos;, revision: &apos;unknown&apos;, time: &apos;unknown&apos;
System info: host: &apos;ip-172-31-36-232&apos;, ip: &apos;172.31.36.232&apos;, os.name: &apos;Linux&apos;, os.arch: &apos;amd64&apos;, os.version: &apos;4.15.0-1043-aws&apos;, java.version: &apos;1.8.0_212&apos;
Driver info: org.openqa.selenium.firefox.FirefoxDriver
Capabilities [{moz:profile=/tmp/rust_mozprofile.4ETjDUQkYFDn, rotatable=false, moz:geckodriverVersion=0.24.0, timeouts={implicit=0.0, pageLoad=300000.0, script=30000.0}, pageLoadStrategy=normal, unhandledPromptBehavior=dismiss and notify, strictFileInteractability=false, moz:headless=true, platform=ANY, moz:accessibilityChecks=false, moz:useNonSpecCompliantPointerOrigin=false, acceptInsecureCerts=false, browserVersion=67.0.4, moz:shutdownTimeout=60000.0, platformVersion=4.15.0-1043-aws, moz:processID=24336.0, browserName=firefox, moz:buildID=20190620092152, javascriptEnabled=true, platformName=linux, setWindowRect=true, moz:webdriverClick=true}]
Session ID: 455b829f-d810-479e-90f0-4a542d120f76
*** Element info: {Using=xpath, value=/html/body/div[2]/main/article/div[3]/div/form/div/div/fieldset/div/input[1]}" type="org.openqa.selenium.NoSuchElementException">org.openqa.selenium.NoSuchElementException: Unable to locate element: /html/body/div[2]/main/article/div[3]/div/form/div/div/fieldset/div/input[1]
For documentation on this error, please visit: http://seleniumhq.org/exceptions/no_such_element.html
Build info: version: &apos;3.4.0&apos;, revision: &apos;unknown&apos;, time: &apos;unknown&apos;
System info: host: &apos;ip-172-31-36-232&apos;, ip: &apos;172.31.36.232&apos;, os.name: &apos;Linux&apos;, os.arch: &apos;amd64&apos;, os.version: &apos;4.15.0-1043-aws&apos;, java.version: &apos;1.8.0_212&apos;
Driver info: org.openqa.selenium.firefox.FirefoxDriver
Capabilities [{moz:profile=/tmp/rust_mozprofile.4ETjDUQkYFDn, rotatable=false, moz:geckodriverVersion=0.24.0, timeouts={implicit=0.0, pageLoad=300000.0, script=30000.0}, pageLoadStrategy=normal, unhandledPromptBehavior=dismiss and notify, strictFileInteractability=false, moz:headless=true, platform=ANY, moz:accessibilityChecks=false, moz:useNonSpecCompliantPointerOrigin=false, acceptInsecureCerts=false, browserVersion=67.0.4, moz:shutdownTimeout=60000.0, platformVersion=4.15.0-1043-aws, moz:processID=24336.0, browserName=firefox, moz:buildID=20190620092152, javascriptEnabled=true, platformName=linux, setWindowRect=true, moz:webdriverClick=true}]
Session ID: 455b829f-d810-479e-90f0-4a542d120f76
*** Element info: {Using=xpath, value=/html/body/div[2]/main/article/div[3]/div/form/div/div/fieldset/div/input[1]}
	at sun.reflect.NativeConstructorAccessorImpl.newInstance0(Native Method)
	at sun.reflect.NativeConstructorAccessorImpl.newInstance(NativeConstructorAccessorImpl.java:62)
	at sun.reflect.DelegatingConstructorAccessorImpl.newInstance(DelegatingConstructorAccessorImpl.java:45)
	at java.lang.reflect.Constructor.newInstance(Constructor.java:423)
	at org.openqa.selenium.remote.http.W3CHttpResponseCodec.createException(W3CHttpResponseCodec.java:150)
	at org.openqa.selenium.remote.http.W3CHttpResponseCodec.decode(W3CHttpResponseCodec.java:115)
	at org.openqa.selenium.remote.http.W3CHttpResponseCodec.decode(W3CHttpResponseCodec.java:45)
	at org.openqa.selenium.remote.HttpCommandExecutor.execute(HttpCommandExecutor.java:164)
	at org.openqa.selenium.remote.service.DriverCommandExecutor.execute(DriverCommandExecutor.java:82)
	at org.openqa.selenium.remote.RemoteWebDriver.execute(RemoteWebDriver.java:637)
	at org.openqa.selenium.remote.RemoteWebDriver.findElement(RemoteWebDriver.java:410)
	at org.openqa.selenium.remote.RemoteWebDriver.findElementByXPath(RemoteWebDriver.java:509)
	at org.openqa.selenium.By$ByXPath.findElement(By.java:361)
	at org.openqa.selenium.remote.RemoteWebDriver.findElement(RemoteWebDriver.java:402)
	at util.WebConnector.isElementPresentText(WebConnector.java:218)
	at stepDefinitions.stepDefinition.i_should_see(stepDefinition.java:98)
	at ✽.Then I should see &quot;Admin_Email_Field&quot;(Account.feature:26)
</error>
    <system-err>console.error: BroadcastService: 
  receivedBroadcastMessage: handler for
  remote-settings/monitor_changes
  threw error:
  Message: Error: Polling for changes failed: http://%(server)s/dummy/blocklist//buckets/monitor/collections/changes/records?_expected=%221562710991421%22 is not a valid URL..
  Stack:
    remoteSettingsFunction/remoteSettings.pollChanges@resource://services-settings/remote-settings.js:203:13

</system-err>
  </testcase>
  <testcase classname="| Y | MozillaHL |" name="| Y | MozillaHL |" time="0.029">
    <error message="Unable to locate element: /html/body/div[2]/main/article/div[3]/div/form/div/div/fieldset/div/input[1]
For documentation on this error, please visit: http://seleniumhq.org/exceptions/no_such_element.html
Build info: version: &apos;3.4.0&apos;, revision: &apos;unknown&apos;, time: &apos;unknown&apos;
System info: host: &apos;ip-172-31-36-232&apos;, ip: &apos;172.31.36.232&apos;, os.name: &apos;Linux&apos;, os.arch: &apos;amd64&apos;, os.version: &apos;4.15.0-1043-aws&apos;, java.version: &apos;1.8.0_212&apos;
Driver info: org.openqa.selenium.firefox.FirefoxDriver
Capabilities [{moz:profile=/tmp/rust_mozprofile.4ETjDUQkYFDn, rotatable=false, moz:geckodriverVersion=0.24.0, timeouts={implicit=0.0, pageLoad=300000.0, script=30000.0}, pageLoadStrategy=normal, unhandledPromptBehavior=dismiss and notify, strictFileInteractability=false, moz:headless=true, platform=ANY, moz:accessibilityChecks=false, moz:useNonSpecCompliantPointerOrigin=false, acceptInsecureCerts=false, browserVersion=67.0.4, moz:shutdownTimeout=60000.0, platformVersion=4.15.0-1043-aws, moz:processID=24336.0, browserName=firefox, moz:buildID=20190620092152, javascriptEnabled=true, platformName=linux, setWindowRect=true, moz:webdriverClick=true}]
Session ID: 455b829f-d810-479e-90f0-4a542d120f76
*** Element info: {Using=xpath, value=/html/body/div[2]/main/article/div[3]/div/form/div/div/fieldset/div/input[1]}" type="org.openqa.selenium.NoSuchElementException">org.openqa.selenium.NoSuchElementException: Unable to locate element: /html/body/div[2]/main/article/div[3]/div/form/div/div/fieldset/div/input[1]
For documentation on this error, please visit: http://seleniumhq.org/exceptions/no_such_element.html
Build info: version: &apos;3.4.0&apos;, revision: &apos;unknown&apos;, time: &apos;unknown&apos;
System info: host: &apos;ip-172-31-36-232&apos;, ip: &apos;172.31.36.232&apos;, os.name: &apos;Linux&apos;, os.arch: &apos;amd64&apos;, os.version: &apos;4.15.0-1043-aws&apos;, java.version: &apos;1.8.0_212&apos;
Driver info: org.openqa.selenium.firefox.FirefoxDriver
Capabilities [{moz:profile=/tmp/rust_mozprofile.4ETjDUQkYFDn, rotatable=false, moz:geckodriverVersion=0.24.0, timeouts={implicit=0.0, pageLoad=300000.0, script=30000.0}, pageLoadStrategy=normal, unhandledPromptBehavior=dismiss and notify, strictFileInteractability=false, moz:headless=true, platform=ANY, moz:accessibilityChecks=false, moz:useNonSpecCompliantPointerOrigin=false, acceptInsecureCerts=false, browserVersion=67.0.4, moz:shutdownTimeout=60000.0, platformVersion=4.15.0-1043-aws, moz:processID=24336.0, browserName=firefox, moz:buildID=20190620092152, javascriptEnabled=true, platformName=linux, setWindowRect=true, moz:webdriverClick=true}]
Session ID: 455b829f-d810-479e-90f0-4a542d120f76
*** Element info: {Using=xpath, value=/html/body/div[2]/main/article/div[3]/div/form/div/div/fieldset/div/input[1]}
	at sun.reflect.NativeConstructorAccessorImpl.newInstance0(Native Method)
	at sun.reflect.NativeConstructorAccessorImpl.newInstance(NativeConstructorAccessorImpl.java:62)
	at sun.reflect.DelegatingConstructorAccessorImpl.newInstance(DelegatingConstructorAccessorImpl.java:45)
	at java.lang.reflect.Constructor.newInstance(Constructor.java:423)
	at org.openqa.selenium.remote.http.W3CHttpResponseCodec.createException(W3CHttpResponseCodec.java:150)
	at org.openqa.selenium.remote.http.W3CHttpResponseCodec.decode(W3CHttpResponseCodec.java:115)
	at org.openqa.selenium.remote.http.W3CHttpResponseCodec.decode(W3CHttpResponseCodec.java:45)
	at org.openqa.selenium.remote.HttpCommandExecutor.execute(HttpCommandExecutor.java:164)
	at org.openqa.selenium.remote.service.DriverCommandExecutor.execute(DriverCommandExecutor.java:82)
	at org.openqa.selenium.remote.RemoteWebDriver.execute(RemoteWebDriver.java:637)
	at org.openqa.selenium.remote.RemoteWebDriver.findElement(RemoteWebDriver.java:410)
	at org.openqa.selenium.remote.RemoteWebDriver.findElementByXPath(RemoteWebDriver.java:509)
	at org.openqa.selenium.By$ByXPath.findElement(By.java:361)
	at org.openqa.selenium.remote.RemoteWebDriver.findElement(RemoteWebDriver.java:402)
	at util.WebConnector.isElementPresentText(WebConnector.java:218)
	at stepDefinitions.stepDefinition.i_should_see(stepDefinition.java:98)
	at ✽.Then I should see &quot;Admin_Email_Field&quot;(Account.feature:26)
</error>
  </testcase>
  <testcase classname="| Y | MozillaHL |" name="When I click on &quot;Support&quot; Link" time="0.029">
    <skipped/>
  </testcase>
  <testcase classname="| Y | MozillaHL |" name="Then I should see &quot;WebPublishing_Help_Label&quot;" time="0.03">
    <skipped/>
  </testcase>
  <testcase classname="| Y | MozillaHL |" name="When I click on &quot;Updates&quot; Link" time="0.03">
    <skipped/>
  </testcase>
  <testcase classname="| Y | MozillaHL |" name="Then I should see &quot;Recent_Posts&quot;" time="0.03">
    <skipped/>
  </testcase>
  <testcase classname="| Y | MozillaHL |" name="And I close the browser" time="0.034">
    <skipped/>
  </testcase>
</testsuite>