<?xml version="1.0" encoding="UTF-8" ?>
<testsuite tests="31" failures="0" name="cucumberOptions.TestRunner" time="0.277" errors="0" skipped="24">
  <properties>
[...]
</properties>
  <testcase classname="| Y | Mozilla |" name="Given Runmode is &quot;Y&quot;" time="0.002"/>
  <testcase classname="| Y | Mozilla |" name="Given I am logged into wp.nyu.edu in &quot;Mozilla&quot;" time="0"/>
  <testcase classname="| Y | Mozilla |" name="And I close the browser" time="0"/>
  <testcase classname="| Y | Mozilla |" name="| Y | Mozilla |" time="0.001"/>
  <testcase classname="| N | ChromeHL |" name="Given Runmode is &quot;N&quot;" time="0.008">
    <skipped/>
    <system-out>is the before hook being ran first?

  @RegressionTest
  Scenario Outline: WebPublishing Upload Avatar Image # Account.feature:19
    Given Runmode is &quot;Y&quot;                              # stepDefinition.Runmode_is(String)
    Given I am logged into wp.nyu.edu in &quot;Mozilla&quot;    # stepDefinition.i_am_logged_into_wp_nyu_edu_in(String)
    #When I click on &quot;Your_Avatar_Link&quot; link and upload a picture
    #Then the picture should be uploaded successfully
    And I close the browser                           # stepDefinition.i_close_the_browser()
</system-out>
  </testcase>
  <testcase classname="| N | ChromeHL |" name="Given I am logged into wp.nyu.edu in &quot;ChromeHL&quot;" time="0.009">
    <skipped/>
  </testcase>
  <testcase classname="| N | ChromeHL |" name="And I close the browser" time="0.01">
    <skipped/>
  </testcase>
  <testcase classname="| N | ChromeHL |" name="| N | ChromeHL |" time="0.011">
    <skipped/>
  </testcase>
  <testcase classname="| N | ChromeHL |" name="| N | ChromeHL |" time="0.011"/>
  <testcase classname="| N | MozillaHL |" name="Given Runmode is &quot;N&quot;" time="0.005">
    <skipped/>
    <system-out>
  @RegressionTest
  Scenario Outline: WebPublishing Upload Avatar Image # Account.feature:20
    Given Runmode is &quot;N&quot;                              # stepDefinition.Runmode_is(String)
      cucumber.api.PendingException: Skipping the test as Runmode is NO
      	at stepDefinitions.stepDefinition.Runmode_is(stepDefinition.java:261)
      	at ✽.Given Runmode is &quot;N&quot;(Account.feature:11)

    Given I am logged into wp.nyu.edu in &quot;ChromeHL&quot;   # stepDefinition.i_am_logged_into_wp_nyu_edu_in(String)
    #When I click on &quot;Your_Avatar_Link&quot; link and upload a picture
    #Then the picture should be uploaded successfully
    And I close the browser                           # stepDefinition.i_close_the_browser()

  @RegressionTest
  Scenario Outline: Verify all the links on WebPublishing landing page is funcitonal # Account.feature:23
    Given Runmode is &quot;&lt;Runmode&gt;&quot;
    Given I am logged into wp.nyu.edu in &quot;&lt;BrowserType&gt;&quot;
    When I click on &quot;Create&quot; Link
    Then I should see &quot;Admin_Email_Field&quot;
    When I click on &quot;Support&quot; Link
    Then I should see &quot;WebPublishing_Help_Label&quot;
    When I click on &quot;Updates&quot; Link
    Then I should see &quot;Recent_Posts&quot;
    And I close the browser

    Examples: 
is the before hook being ran first?
</system-out>
  </testcase>
  <testcase classname="| N | MozillaHL |" name="Given I am logged into wp.nyu.edu in &quot;MozillaHL&quot;" time="0.006">
    <skipped/>
  </testcase>
  <testcase classname="| N | MozillaHL |" name="When I click on &quot;Create&quot; Link" time="0.007">
    <skipped/>
  </testcase>
  <testcase classname="| N | MozillaHL |" name="Then I should see &quot;Admin_Email_Field&quot;" time="0.008">
    <skipped/>
  </testcase>
  <testcase classname="| N | MozillaHL |" name="When I click on &quot;Support&quot; Link" time="0.009">
    <skipped/>
  </testcase>
  <testcase classname="| N | MozillaHL |" name="Then I should see &quot;WebPublishing_Help_Label&quot;" time="0.01">
    <skipped/>
  </testcase>
  <testcase classname="| N | MozillaHL |" name="When I click on &quot;Updates&quot; Link" time="0.011">
    <skipped/>
  </testcase>
  <testcase classname="| N | MozillaHL |" name="Then I should see &quot;Recent_Posts&quot;" time="0.012">
    <skipped/>
  </testcase>
  <testcase classname="| N | MozillaHL |" name="And I close the browser" time="0.012">
    <skipped/>
  </testcase>
  <testcase classname="| N | MozillaHL |" name="| N | MozillaHL |" time="0.013">
    <skipped/>
  </testcase>
  <testcase classname="| N | MozillaHL |" name="| N | MozillaHL |" time="0.013"/>
  <testcase classname="| N | ChromeHL |" name="Given Runmode is &quot;N&quot;" time="0.007">
    <skipped/>
    <system-out>is the before hook being ran first?

  @RegressionTest
  Scenario Outline: Verify all the links on WebPublishing landing page is funcitonal # Account.feature:36
    Given Runmode is &quot;N&quot;                                                             # stepDefinition.Runmode_is(String)
      cucumber.api.PendingException: Skipping the test as Runmode is NO
      	at stepDefinitions.stepDefinition.Runmode_is(stepDefinition.java:261)
      	at ✽.Given Runmode is &quot;N&quot;(Account.feature:24)

    Given I am logged into wp.nyu.edu in &quot;MozillaHL&quot;                                 # stepDefinition.i_am_logged_into_wp_nyu_edu_in(String)
    When I click on &quot;Create&quot; Link                                                    # stepDefinition.i_click_on_Link(String)
    Then I should see &quot;Admin_Email_Field&quot;                                            # stepDefinition.i_should_see(String)
    When I click on &quot;Support&quot; Link                                                   # stepDefinition.i_click_on_Link(String)
    Then I should see &quot;WebPublishing_Help_Label&quot;                                     # stepDefinition.i_should_see(String)
    When I click on &quot;Updates&quot; Link                                                   # stepDefinition.i_click_on_Link(String)
    Then I should see &quot;Recent_Posts&quot;                                                 # stepDefinition.i_should_see(String)
    And I close the browser                                                          # stepDefinition.i_close_the_browser()
</system-out>
  </testcase>
  <testcase classname="| N | ChromeHL |" name="Given I am logged into wp.nyu.edu in &quot;ChromeHL&quot;" time="0.008">
    <skipped/>
  </testcase>
  <testcase classname="| N | ChromeHL |" name="When I click on &quot;Create&quot; Link" time="0.009">
    <skipped/>
  </testcase>
  <testcase classname="| N | ChromeHL |" name="Then I should see &quot;Admin_Email_Field&quot;" time="0.01">
    <skipped/>
  </testcase>
  <testcase classname="| N | ChromeHL |" name="When I click on &quot;Support&quot; Link" time="0.01">
    <skipped/>
  </testcase>
  <testcase classname="| N | ChromeHL |" name="Then I should see &quot;WebPublishing_Help_Label&quot;" time="0.011">
    <skipped/>
  </testcase>
  <testcase classname="| N | ChromeHL |" name="When I click on &quot;Updates&quot; Link" time="0.011">
    <skipped/>
  </testcase>
  <testcase classname="| N | ChromeHL |" name="Then I should see &quot;Recent_Posts&quot;" time="0.012">
    <skipped/>
  </testcase>
  <testcase classname="| N | ChromeHL |" name="And I close the browser" time="0.013">
    <skipped/>
  </testcase>
  <testcase classname="| N | ChromeHL |" name="| N | ChromeHL |" time="0.014">
    <skipped/>
  </testcase>
  <testcase classname="| N | ChromeHL |" name="| N | ChromeHL |" time="0.014"/>
</testsuite>