<?xml version="1.0" encoding="UTF-8" ?>
<testsuite tests="30" failures="0" name="cucumberOptions.TestRunner" time="0.815" errors="2" skipped="21">
  <properties>
[...]
</properties>
  <testcase classname="| Y | MozillaHL |" name="Given Runmode is &quot;Y&quot;" time="0.002"/>
  <testcase classname="| Y | MozillaHL |" name="Given I am logged into wp.nyu.edu in &quot;MozillaHL&quot;" time="0"/>
  <testcase classname="| Y | MozillaHL |" name="And I close the browser" time="0"/>
  <testcase classname="| Y | MozillaHL |" name="| Y | MozillaHL |" time="0.006"/>
  <testcase classname="| Y | ChromeHL |" name="Given Runmode is &quot;Y&quot;" time="0"/>
  <testcase classname="| Y | ChromeHL |" name="Given I am logged into wp.nyu.edu in &quot;ChromeHL&quot;" time="0.016">
    <error message="unknown error: cannot find Chrome binary
  (Driver info: chromedriver=2.41.578700 (2f1ed5f9343c13f73144538f15c00b370eda6706),platform=Linux 4.15.0-1043-aws x86_64) (WARNING: The server did not provide any stacktrace information)
Command duration or timeout: 12 milliseconds
Build info: version: &apos;3.4.0&apos;, revision: &apos;unknown&apos;, time: &apos;unknown&apos;
System info: host: &apos;ip-172-31-36-232&apos;, ip: &apos;172.31.36.232&apos;, os.name: &apos;Linux&apos;, os.arch: &apos;amd64&apos;, os.version: &apos;4.15.0-1043-aws&apos;, java.version: &apos;1.8.0_212&apos;
Driver info: driver.version: ChromeDriver" type="org.openqa.selenium.WebDriverException">org.openqa.selenium.WebDriverException: unknown error: cannot find Chrome binary
  (Driver info: chromedriver=2.41.578700 (2f1ed5f9343c13f73144538f15c00b370eda6706),platform=Linux 4.15.0-1043-aws x86_64) (WARNING: The server did not provide any stacktrace information)
Command duration or timeout: 12 milliseconds
Build info: version: &apos;3.4.0&apos;, revision: &apos;unknown&apos;, time: &apos;unknown&apos;
System info: host: &apos;ip-172-31-36-232&apos;, ip: &apos;172.31.36.232&apos;, os.name: &apos;Linux&apos;, os.arch: &apos;amd64&apos;, os.version: &apos;4.15.0-1043-aws&apos;, java.version: &apos;1.8.0_212&apos;
Driver info: driver.version: ChromeDriver
	at sun.reflect.NativeConstructorAccessorImpl.newInstance0(Native Method)
	at sun.reflect.NativeConstructorAccessorImpl.newInstance(NativeConstructorAccessorImpl.java:62)
	at sun.reflect.DelegatingConstructorAccessorImpl.newInstance(DelegatingConstructorAccessorImpl.java:45)
	at java.lang.reflect.Constructor.newInstance(Constructor.java:423)
	at org.openqa.selenium.remote.ErrorHandler.createThrowable(ErrorHandler.java:215)
	at org.openqa.selenium.remote.ErrorHandler.throwIfResponseFailed(ErrorHandler.java:167)
	at org.openqa.selenium.remote.JsonWireProtocolResponse.lambda$new$0(JsonWireProtocolResponse.java:53)
	at org.openqa.selenium.remote.JsonWireProtocolResponse.lambda$getResponseFunction$2(JsonWireProtocolResponse.java:91)
	at org.openqa.selenium.remote.ProtocolHandshake.lambda$createSession$22(ProtocolHandshake.java:365)
	at java.util.stream.ReferencePipeline$3$1.accept(ReferencePipeline.java:193)
	at java.util.Spliterators$ArraySpliterator.tryAdvance(Spliterators.java:958)
	at java.util.stream.ReferencePipeline.forEachWithCancel(ReferencePipeline.java:126)
	at java.util.stream.AbstractPipeline.copyIntoWithCancel(AbstractPipeline.java:499)
	at java.util.stream.AbstractPipeline.copyInto(AbstractPipeline.java:486)
	at java.util.stream.AbstractPipeline.wrapAndCopyInto(AbstractPipeline.java:472)
	at java.util.stream.FindOps$FindOp.evaluateSequential(FindOps.java:152)
	at java.util.stream.AbstractPipeline.evaluate(AbstractPipeline.java:234)
	at java.util.stream.ReferencePipeline.findFirst(ReferencePipeline.java:464)
	at org.openqa.selenium.remote.ProtocolHandshake.createSession(ProtocolHandshake.java:368)
	at org.openqa.selenium.remote.ProtocolHandshake.createSession(ProtocolHandshake.java:159)
	at org.openqa.selenium.remote.HttpCommandExecutor.execute(HttpCommandExecutor.java:142)
	at org.openqa.selenium.remote.service.DriverCommandExecutor.execute(DriverCommandExecutor.java:82)
	at org.openqa.selenium.remote.RemoteWebDriver.execute(RemoteWebDriver.java:637)
	at org.openqa.selenium.remote.RemoteWebDriver.startSession(RemoteWebDriver.java:250)
	at org.openqa.selenium.remote.RemoteWebDriver.startSession(RemoteWebDriver.java:236)
	at org.openqa.selenium.remote.RemoteWebDriver.&lt;init&gt;(RemoteWebDriver.java:137)
	at org.openqa.selenium.chrome.ChromeDriver.&lt;init&gt;(ChromeDriver.java:184)
	at org.openqa.selenium.chrome.ChromeDriver.&lt;init&gt;(ChromeDriver.java:171)
	at org.openqa.selenium.chrome.ChromeDriver.&lt;init&gt;(ChromeDriver.java:158)
	at util.WebConnector.openBrowser(WebConnector.java:118)
	at stepDefinitions.stepDefinition.i_am_logged_into_wp_nyu_edu_in(stepDefinition.java:37)
	at ✽.Given I am logged into wp.nyu.edu in &quot;ChromeHL&quot;(Account.feature:12)
</error>
    <system-err>Starting ChromeDriver 2.41.578700 (2f1ed5f9343c13f73144538f15c00b370eda6706) on port 2561
Only local connections are allowed.
</system-err>
  </testcase>
  <testcase classname="| Y | ChromeHL |" name="| Y | ChromeHL |" time="0.017">
    <error message="unknown error: cannot find Chrome binary
  (Driver info: chromedriver=2.41.578700 (2f1ed5f9343c13f73144538f15c00b370eda6706),platform=Linux 4.15.0-1043-aws x86_64) (WARNING: The server did not provide any stacktrace information)
Command duration or timeout: 12 milliseconds
Build info: version: &apos;3.4.0&apos;, revision: &apos;unknown&apos;, time: &apos;unknown&apos;
System info: host: &apos;ip-172-31-36-232&apos;, ip: &apos;172.31.36.232&apos;, os.name: &apos;Linux&apos;, os.arch: &apos;amd64&apos;, os.version: &apos;4.15.0-1043-aws&apos;, java.version: &apos;1.8.0_212&apos;
Driver info: driver.version: ChromeDriver" type="org.openqa.selenium.WebDriverException">org.openqa.selenium.WebDriverException: unknown error: cannot find Chrome binary
  (Driver info: chromedriver=2.41.578700 (2f1ed5f9343c13f73144538f15c00b370eda6706),platform=Linux 4.15.0-1043-aws x86_64) (WARNING: The server did not provide any stacktrace information)
Command duration or timeout: 12 milliseconds
Build info: version: &apos;3.4.0&apos;, revision: &apos;unknown&apos;, time: &apos;unknown&apos;
System info: host: &apos;ip-172-31-36-232&apos;, ip: &apos;172.31.36.232&apos;, os.name: &apos;Linux&apos;, os.arch: &apos;amd64&apos;, os.version: &apos;4.15.0-1043-aws&apos;, java.version: &apos;1.8.0_212&apos;
Driver info: driver.version: ChromeDriver
	at sun.reflect.NativeConstructorAccessorImpl.newInstance0(Native Method)
	at sun.reflect.NativeConstructorAccessorImpl.newInstance(NativeConstructorAccessorImpl.java:62)
	at sun.reflect.DelegatingConstructorAccessorImpl.newInstance(DelegatingConstructorAccessorImpl.java:45)
	at java.lang.reflect.Constructor.newInstance(Constructor.java:423)
	at org.openqa.selenium.remote.ErrorHandler.createThrowable(ErrorHandler.java:215)
	at org.openqa.selenium.remote.ErrorHandler.throwIfResponseFailed(ErrorHandler.java:167)
	at org.openqa.selenium.remote.JsonWireProtocolResponse.lambda$new$0(JsonWireProtocolResponse.java:53)
	at org.openqa.selenium.remote.JsonWireProtocolResponse.lambda$getResponseFunction$2(JsonWireProtocolResponse.java:91)
	at org.openqa.selenium.remote.ProtocolHandshake.lambda$createSession$22(ProtocolHandshake.java:365)
	at java.util.stream.ReferencePipeline$3$1.accept(ReferencePipeline.java:193)
	at java.util.Spliterators$ArraySpliterator.tryAdvance(Spliterators.java:958)
	at java.util.stream.ReferencePipeline.forEachWithCancel(ReferencePipeline.java:126)
	at java.util.stream.AbstractPipeline.copyIntoWithCancel(AbstractPipeline.java:499)
	at java.util.stream.AbstractPipeline.copyInto(AbstractPipeline.java:486)
	at java.util.stream.AbstractPipeline.wrapAndCopyInto(AbstractPipeline.java:472)
	at java.util.stream.FindOps$FindOp.evaluateSequential(FindOps.java:152)
	at java.util.stream.AbstractPipeline.evaluate(AbstractPipeline.java:234)
	at java.util.stream.ReferencePipeline.findFirst(ReferencePipeline.java:464)
	at org.openqa.selenium.remote.ProtocolHandshake.createSession(ProtocolHandshake.java:368)
	at org.openqa.selenium.remote.ProtocolHandshake.createSession(ProtocolHandshake.java:159)
	at org.openqa.selenium.remote.HttpCommandExecutor.execute(HttpCommandExecutor.java:142)
	at org.openqa.selenium.remote.service.DriverCommandExecutor.execute(DriverCommandExecutor.java:82)
	at org.openqa.selenium.remote.RemoteWebDriver.execute(RemoteWebDriver.java:637)
	at org.openqa.selenium.remote.RemoteWebDriver.startSession(RemoteWebDriver.java:250)
	at org.openqa.selenium.remote.RemoteWebDriver.startSession(RemoteWebDriver.java:236)
	at org.openqa.selenium.remote.RemoteWebDriver.&lt;init&gt;(RemoteWebDriver.java:137)
	at org.openqa.selenium.chrome.ChromeDriver.&lt;init&gt;(ChromeDriver.java:184)
	at org.openqa.selenium.chrome.ChromeDriver.&lt;init&gt;(ChromeDriver.java:171)
	at org.openqa.selenium.chrome.ChromeDriver.&lt;init&gt;(ChromeDriver.java:158)
	at util.WebConnector.openBrowser(WebConnector.java:118)
	at stepDefinitions.stepDefinition.i_am_logged_into_wp_nyu_edu_in(stepDefinition.java:37)
	at ✽.Given I am logged into wp.nyu.edu in &quot;ChromeHL&quot;(Account.feature:12)
</error>
  </testcase>
  <testcase classname="| Y | ChromeHL |" name="And I close the browser" time="0.026">
    <skipped/>
  </testcase>
  <testcase classname="| N | MozillaHL |" name="Given Runmode is &quot;N&quot;" time="0.025">
    <skipped/>
    <system-out>DID THIS BLOCK OF CODE RUNNNNNNNNNNNNNNNNNNNNNNNNNNNNNNNNNNNN
Method Failed: screenshotOnFailure, Exception: Tried to run command without establishing a connection
Build info: version: &apos;3.4.0&apos;, revision: &apos;unknown&apos;, time: &apos;unknown&apos;
System info: host: &apos;ip-172-31-36-232&apos;, ip: &apos;172.31.36.232&apos;, os.name: &apos;Linux&apos;, os.arch: &apos;amd64&apos;, os.version: &apos;4.15.0-1043-aws&apos;, java.version: &apos;1.8.0_212&apos;
Driver info: org.openqa.selenium.firefox.FirefoxDriver
Capabilities [{moz:profile=/tmp/rust_mozprofile.C7NyKDHbISQl, rotatable=false, moz:geckodriverVersion=0.24.0, timeouts={implicit=0.0, pageLoad=300000.0, script=30000.0}, pageLoadStrategy=normal, unhandledPromptBehavior=dismiss and notify, strictFileInteractability=false, moz:headless=true, platform=ANY, moz:accessibilityChecks=false, moz:useNonSpecCompliantPointerOrigin=false, acceptInsecureCerts=false, browserVersion=67.0.4, moz:shutdownTimeout=60000.0, platformVersion=4.15.0-1043-aws, moz:processID=13896.0, browserName=firefox, moz:buildID=20190620092152, javascriptEnabled=true, platformName=linux, setWindowRect=true, moz:webdriverClick=true}]
Session ID: e6cfef6b-5dbe-40dc-9caf-893749946174

  @RegressionTest
  Scenario Outline: WebPublishing Upload Avatar Image # Account.feature:20
    Given Runmode is &quot;Y&quot;                              # stepDefinition.Runmode_is(String)
    Given I am logged into wp.nyu.edu in &quot;ChromeHL&quot;   # stepDefinition.i_am_logged_into_wp_nyu_edu_in(String)
      org.openqa.selenium.WebDriverException: unknown error: cannot find Chrome binary
        (Driver info: chromedriver=2.41.578700 (2f1ed5f9343c13f73144538f15c00b370eda6706),platform=Linux 4.15.0-1043-aws x86_64) (WARNING: The server did not provide any stacktrace information)
      Command duration or timeout: 12 milliseconds
      Build info: version: &apos;3.4.0&apos;, revision: &apos;unknown&apos;, time: &apos;unknown&apos;
      System info: host: &apos;ip-172-31-36-232&apos;, ip: &apos;172.31.36.232&apos;, os.name: &apos;Linux&apos;, os.arch: &apos;amd64&apos;, os.version: &apos;4.15.0-1043-aws&apos;, java.version: &apos;1.8.0_212&apos;
      Driver info: driver.version: ChromeDriver
      	at sun.reflect.NativeConstructorAccessorImpl.newInstance0(Native Method)
      	at sun.reflect.NativeConstructorAccessorImpl.newInstance(NativeConstructorAccessorImpl.java:62)
      	at sun.reflect.DelegatingConstructorAccessorImpl.newInstance(DelegatingConstructorAccessorImpl.java:45)
      	at java.lang.reflect.Constructor.newInstance(Constructor.java:423)
      	at org.openqa.selenium.remote.ErrorHandler.createThrowable(ErrorHandler.java:215)
      	at org.openqa.selenium.remote.ErrorHandler.throwIfResponseFailed(ErrorHandler.java:167)
      	at org.openqa.selenium.remote.JsonWireProtocolResponse.lambda$new$0(JsonWireProtocolResponse.java:53)
      	at org.openqa.selenium.remote.JsonWireProtocolResponse.lambda$getResponseFunction$2(JsonWireProtocolResponse.java:91)
      	at org.openqa.selenium.remote.ProtocolHandshake.lambda$createSession$22(ProtocolHandshake.java:365)
      	at java.util.stream.ReferencePipeline$3$1.accept(ReferencePipeline.java:193)
      	at java.util.Spliterators$ArraySpliterator.tryAdvance(Spliterators.java:958)
      	at java.util.stream.ReferencePipeline.forEachWithCancel(ReferencePipeline.java:126)
      	at java.util.stream.AbstractPipeline.copyIntoWithCancel(AbstractPipeline.java:499)
      	at java.util.stream.AbstractPipeline.copyInto(AbstractPipeline.java:486)
      	at java.util.stream.AbstractPipeline.wrapAndCopyInto(AbstractPipeline.java:472)
      	at java.util.stream.FindOps$FindOp.evaluateSequential(FindOps.java:152)
      	at java.util.stream.AbstractPipeline.evaluate(AbstractPipeline.java:234)
      	at java.util.stream.ReferencePipeline.findFirst(ReferencePipeline.java:464)
      	at org.openqa.selenium.remote.ProtocolHandshake.createSession(ProtocolHandshake.java:368)
      	at org.openqa.selenium.remote.ProtocolHandshake.createSession(ProtocolHandshake.java:159)
      	at org.openqa.selenium.remote.HttpCommandExecutor.execute(HttpCommandExecutor.java:142)
      	at org.openqa.selenium.remote.service.DriverCommandExecutor.execute(DriverCommandExecutor.java:82)
      	at org.openqa.selenium.remote.RemoteWebDriver.execute(RemoteWebDriver.java:637)
      	at org.openqa.selenium.remote.RemoteWebDriver.startSession(RemoteWebDriver.java:250)
      	at org.openqa.selenium.remote.RemoteWebDriver.startSession(RemoteWebDriver.java:236)
      	at org.openqa.selenium.remote.RemoteWebDriver.&lt;init&gt;(RemoteWebDriver.java:137)
      	at org.openqa.selenium.chrome.ChromeDriver.&lt;init&gt;(ChromeDriver.java:184)
      	at org.openqa.selenium.chrome.ChromeDriver.&lt;init&gt;(ChromeDriver.java:171)
      	at org.openqa.selenium.chrome.ChromeDriver.&lt;init&gt;(ChromeDriver.java:158)
      	at util.WebConnector.openBrowser(WebConnector.java:118)
      	at stepDefinitions.stepDefinition.i_am_logged_into_wp_nyu_edu_in(stepDefinition.java:37)
      	at ✽.Given I am logged into wp.nyu.edu in &quot;ChromeHL&quot;(Account.feature:12)

    #When I click on &quot;Your_Avatar_Link&quot; link and upload a picture
    #Then the picture should be uploaded successfully
    And I close the browser                           # stepDefinition.i_close_the_browser()

  @RegressionTest
  Scenario Outline: Verify all the links on WebPublishing landing page is funcitonal # Account.feature:23
    Given Runmode is &quot;&lt;Runmode&gt;&quot;
    Given I am logged into wp.nyu.edu in &quot;&lt;BrowserType&gt;&quot;
    When I click on &quot;Create&quot; Link
    Then I should see &quot;Admin_Email_Field&quot;
    When I click on &quot;Support&quot; Link
    Then I should see &quot;WebPublishing_Help_Label&quot;
    When I click on &quot;Updates&quot; Link
    Then I should see &quot;Recent_Posts&quot;
    And I close the browser

    Examples: 
is the before hook being ran first?
</system-out>
  </testcase>
  <testcase classname="| N | MozillaHL |" name="Given I am logged into wp.nyu.edu in &quot;MozillaHL&quot;" time="0.026">
    <skipped/>
  </testcase>
  <testcase classname="| N | MozillaHL |" name="When I click on &quot;Create&quot; Link" time="0.027">
    <skipped/>
  </testcase>
  <testcase classname="| N | MozillaHL |" name="Then I should see &quot;Admin_Email_Field&quot;" time="0.027">
    <skipped/>
  </testcase>
  <testcase classname="| N | MozillaHL |" name="When I click on &quot;Support&quot; Link" time="0.028">
    <skipped/>
  </testcase>
  <testcase classname="| N | MozillaHL |" name="Then I should see &quot;WebPublishing_Help_Label&quot;" time="0.042">
    <skipped/>
  </testcase>
  <testcase classname="| N | MozillaHL |" name="When I click on &quot;Updates&quot; Link" time="0.042">
    <skipped/>
  </testcase>
  <testcase classname="| N | MozillaHL |" name="Then I should see &quot;Recent_Posts&quot;" time="0.042">
    <skipped/>
  </testcase>
  <testcase classname="| N | MozillaHL |" name="And I close the browser" time="0.042">
    <skipped/>
  </testcase>
  <testcase classname="| N | MozillaHL |" name="| N | MozillaHL |" time="0.042">
    <skipped/>
  </testcase>
  <testcase classname="| N | MozillaHL |" name="| N | MozillaHL |" time="0.042"/>
  <testcase classname="| N | ChromeHL |" name="Given Runmode is &quot;N&quot;" time="0.012">
    <skipped/>
    <system-out>is the before hook being ran first?

  @RegressionTest
  Scenario Outline: Verify all the links on WebPublishing landing page is funcitonal # Account.feature:36
    Given Runmode is &quot;N&quot;                                                             # stepDefinition.Runmode_is(String)
      cucumber.api.PendingException: Skipping the test as Runmode is NO
      	at stepDefinitions.stepDefinition.Runmode_is(stepDefinition.java:261)
      	at ✽.Given Runmode is &quot;N&quot;(Account.feature:24)

    Given I am logged into wp.nyu.edu in &quot;MozillaHL&quot;                                 # stepDefinition.i_am_logged_into_wp_nyu_edu_in(String)
    When I click on &quot;Create&quot; Link                                                    # stepDefinition.i_click_on_Link(String)
    Then I should see &quot;Admin_Email_Field&quot;                                            # stepDefinition.i_should_see(String)
    When I click on &quot;Support&quot; Link                                                   # stepDefinition.i_click_on_Link(String)
    Then I should see &quot;WebPublishing_Help_Label&quot;                                     # stepDefinition.i_should_see(String)
    When I click on &quot;Updates&quot; Link                                                   # stepDefinition.i_click_on_Link(String)
    Then I should see &quot;Recent_Posts&quot;                                                 # stepDefinition.i_should_see(String)
    And I close the browser                                                          # stepDefinition.i_close_the_browser()
</system-out>
  </testcase>
  <testcase classname="| N | ChromeHL |" name="Given I am logged into wp.nyu.edu in &quot;ChromeHL&quot;" time="0.02">
    <skipped/>
  </testcase>
  <testcase classname="| N | ChromeHL |" name="When I click on &quot;Create&quot; Link" time="0.021">
    <skipped/>
  </testcase>
  <testcase classname="| N | ChromeHL |" name="Then I should see &quot;Admin_Email_Field&quot;" time="0.029">
    <skipped/>
  </testcase>
  <testcase classname="| N | ChromeHL |" name="When I click on &quot;Support&quot; Link" time="0.035">
    <skipped/>
  </testcase>
  <testcase classname="| N | ChromeHL |" name="Then I should see &quot;WebPublishing_Help_Label&quot;" time="0.037">
    <skipped/>
  </testcase>
  <testcase classname="| N | ChromeHL |" name="When I click on &quot;Updates&quot; Link" time="0.038">
    <skipped/>
  </testcase>
  <testcase classname="| N | ChromeHL |" name="Then I should see &quot;Recent_Posts&quot;" time="0.039">
    <skipped/>
  </testcase>
  <testcase classname="| N | ChromeHL |" name="And I close the browser" time="0.042">
    <skipped/>
  </testcase>
  <testcase classname="| N | ChromeHL |" name="| N | ChromeHL |" time="0.044">
    <skipped/>
  </testcase>
  <testcase classname="| N | ChromeHL |" name="| N | ChromeHL |" time="0.046"/>
</testsuite>