<?xml version="1.0" encoding="UTF-8" ?>
<testsuite tests="4" failures="0" name="cucumberOptions.TestRunner" time="0.084" errors="2" skipped="1">
  <properties>
[...]
</properties>
  <testcase classname="| Y | MozillaHL |" name="Given Runmode is &quot;Y&quot;" time="0.002"/>
  <testcase classname="| Y | MozillaHL |" name="Given I am logged into wp.nyu.edu in &quot;MozillaHL&quot;" time="0.022">
    <error message="Reached error page: about:neterror?e=netTimeout&amp;u=https%3A//devhercules.home.nyu.edu/&amp;c=UTF-8&amp;f=regular&amp;d=The%20server%20at%20devhercules.home.nyu.edu%20is%20taking%20too%20long%20to%20respond.
Build info: version: &apos;3.4.0&apos;, revision: &apos;unknown&apos;, time: &apos;unknown&apos;
System info: host: &apos;ip-172-31-36-232&apos;, ip: &apos;172.31.36.232&apos;, os.name: &apos;Linux&apos;, os.arch: &apos;amd64&apos;, os.version: &apos;4.15.0-1043-aws&apos;, java.version: &apos;1.8.0_212&apos;
Driver info: org.openqa.selenium.firefox.FirefoxDriver
Capabilities [{moz:profile=/tmp/rust_mozprofile.kXT5Q5FRMGO6, rotatable=false, moz:geckodriverVersion=0.24.0, timeouts={implicit=0.0, pageLoad=300000.0, script=30000.0}, pageLoadStrategy=normal, unhandledPromptBehavior=dismiss and notify, strictFileInteractability=false, moz:headless=true, platform=ANY, moz:accessibilityChecks=false, moz:useNonSpecCompliantPointerOrigin=false, acceptInsecureCerts=false, browserVersion=68.0, moz:shutdownTimeout=60000.0, platformVersion=4.15.0-1043-aws, moz:processID=8279.0, browserName=firefox, moz:buildID=20190706110151, javascriptEnabled=true, platformName=linux, setWindowRect=true, moz:webdriverClick=true}]
Session ID: 0c57f6cf-78c8-4d7a-8677-66f73edb4148" type="org.openqa.selenium.WebDriverException">org.openqa.selenium.WebDriverException: Reached error page: about:neterror?e=netTimeout&amp;u=https%3A//devhercules.home.nyu.edu/&amp;c=UTF-8&amp;f=regular&amp;d=The%20server%20at%20devhercules.home.nyu.edu%20is%20taking%20too%20long%20to%20respond.
Build info: version: &apos;3.4.0&apos;, revision: &apos;unknown&apos;, time: &apos;unknown&apos;
System info: host: &apos;ip-172-31-36-232&apos;, ip: &apos;172.31.36.232&apos;, os.name: &apos;Linux&apos;, os.arch: &apos;amd64&apos;, os.version: &apos;4.15.0-1043-aws&apos;, java.version: &apos;1.8.0_212&apos;
Driver info: org.openqa.selenium.firefox.FirefoxDriver
Capabilities [{moz:profile=/tmp/rust_mozprofile.kXT5Q5FRMGO6, rotatable=false, moz:geckodriverVersion=0.24.0, timeouts={implicit=0.0, pageLoad=300000.0, script=30000.0}, pageLoadStrategy=normal, unhandledPromptBehavior=dismiss and notify, strictFileInteractability=false, moz:headless=true, platform=ANY, moz:accessibilityChecks=false, moz:useNonSpecCompliantPointerOrigin=false, acceptInsecureCerts=false, browserVersion=68.0, moz:shutdownTimeout=60000.0, platformVersion=4.15.0-1043-aws, moz:processID=8279.0, browserName=firefox, moz:buildID=20190706110151, javascriptEnabled=true, platformName=linux, setWindowRect=true, moz:webdriverClick=true}]
Session ID: 0c57f6cf-78c8-4d7a-8677-66f73edb4148
	at sun.reflect.NativeConstructorAccessorImpl.newInstance0(Native Method)
	at sun.reflect.NativeConstructorAccessorImpl.newInstance(NativeConstructorAccessorImpl.java:62)
	at sun.reflect.DelegatingConstructorAccessorImpl.newInstance(DelegatingConstructorAccessorImpl.java:45)
	at java.lang.reflect.Constructor.newInstance(Constructor.java:423)
	at org.openqa.selenium.remote.http.W3CHttpResponseCodec.createException(W3CHttpResponseCodec.java:150)
	at org.openqa.selenium.remote.http.W3CHttpResponseCodec.decode(W3CHttpResponseCodec.java:115)
	at org.openqa.selenium.remote.http.W3CHttpResponseCodec.decode(W3CHttpResponseCodec.java:45)
	at org.openqa.selenium.remote.HttpCommandExecutor.execute(HttpCommandExecutor.java:164)
	at org.openqa.selenium.remote.service.DriverCommandExecutor.execute(DriverCommandExecutor.java:82)
	at org.openqa.selenium.remote.RemoteWebDriver.execute(RemoteWebDriver.java:637)
	at org.openqa.selenium.remote.RemoteWebDriver.get(RemoteWebDriver.java:364)
	at util.WebConnector.navigate(WebConnector.java:154)
	at util.WebConnector.nyuWebPublishingDefaultLogin(WebConnector.java:376)
	at stepDefinitions.stepDefinition.i_am_logged_into_wp_nyu_edu_in(stepDefinition.java:38)
	at ✽.Given I am logged into wp.nyu.edu in &quot;MozillaHL&quot;(Account.feature:12)
</error>
    <system-err>Jul 17, 2019 4:33:59 PM org.openqa.selenium.firefox.FirefoxOptions toCapabilities
INFO: Preferring the firefox binary in these options (/usr/lib/firefox/firefox rather than /usr/lib/firefox/firefox)
Jul 17, 2019 4:33:59 PM org.openqa.selenium.firefox.FirefoxOptions toCapabilities
INFO: Preferring the firefox binary in these options (/usr/lib/firefox/firefox rather than /usr/lib/firefox/firefox)
1563381239545	mozrunner::runner	INFO	Running command: &quot;/usr/lib/firefox/firefox&quot; &quot;-marionette&quot; &quot;--headless&quot; &quot;-foreground&quot; &quot;-no-remote&quot; &quot;-profile&quot; &quot;/tmp/rust_mozprofile.kXT5Q5FRMGO6&quot;
*** You are running in headless mode.
1563381241319	addons.webextension.screenshots@mozilla.org	WARN	Loading extension &apos;screenshots@mozilla.org&apos;: Reading manifest: Invalid extension permission: mozillaAddons
1563381241327	addons.webextension.screenshots@mozilla.org	WARN	Loading extension &apos;screenshots@mozilla.org&apos;: Reading manifest: Invalid extension permission: telemetry
1563381241334	addons.webextension.screenshots@mozilla.org	WARN	Loading extension &apos;screenshots@mozilla.org&apos;: Reading manifest: Invalid extension permission: resource://pdf.js/
1563381241337	addons.webextension.screenshots@mozilla.org	WARN	Loading extension &apos;screenshots@mozilla.org&apos;: Reading manifest: Invalid extension permission: about:reader*
1563381245326	Marionette	INFO	Listening on port 33131
Jul 17, 2019 4:34:08 PM org.openqa.selenium.remote.ProtocolHandshake createSession
INFO: Detected dialect: W3C
console.error: BroadcastService: 
  receivedBroadcastMessage: handler for
  remote-settings/monitor_changes
  threw error:
  Message: Error: Polling for changes failed: http://%(server)s/dummy/blocklist//buckets/monitor/collections/changes/records?_expected=%221563380741309%22 is not a valid URL..
  Stack:
    remoteSettingsFunction/remoteSettings.pollChanges@resource://services-settings/remote-settings.js:201:13

</system-err>
  </testcase>
  <testcase classname="| Y | MozillaHL |" name="| Y | MozillaHL |" time="0.026">
    <error message="Reached error page: about:neterror?e=netTimeout&amp;u=https%3A//devhercules.home.nyu.edu/&amp;c=UTF-8&amp;f=regular&amp;d=The%20server%20at%20devhercules.home.nyu.edu%20is%20taking%20too%20long%20to%20respond.
Build info: version: &apos;3.4.0&apos;, revision: &apos;unknown&apos;, time: &apos;unknown&apos;
System info: host: &apos;ip-172-31-36-232&apos;, ip: &apos;172.31.36.232&apos;, os.name: &apos;Linux&apos;, os.arch: &apos;amd64&apos;, os.version: &apos;4.15.0-1043-aws&apos;, java.version: &apos;1.8.0_212&apos;
Driver info: org.openqa.selenium.firefox.FirefoxDriver
Capabilities [{moz:profile=/tmp/rust_mozprofile.kXT5Q5FRMGO6, rotatable=false, moz:geckodriverVersion=0.24.0, timeouts={implicit=0.0, pageLoad=300000.0, script=30000.0}, pageLoadStrategy=normal, unhandledPromptBehavior=dismiss and notify, strictFileInteractability=false, moz:headless=true, platform=ANY, moz:accessibilityChecks=false, moz:useNonSpecCompliantPointerOrigin=false, acceptInsecureCerts=false, browserVersion=68.0, moz:shutdownTimeout=60000.0, platformVersion=4.15.0-1043-aws, moz:processID=8279.0, browserName=firefox, moz:buildID=20190706110151, javascriptEnabled=true, platformName=linux, setWindowRect=true, moz:webdriverClick=true}]
Session ID: 0c57f6cf-78c8-4d7a-8677-66f73edb4148" type="org.openqa.selenium.WebDriverException">org.openqa.selenium.WebDriverException: Reached error page: about:neterror?e=netTimeout&amp;u=https%3A//devhercules.home.nyu.edu/&amp;c=UTF-8&amp;f=regular&amp;d=The%20server%20at%20devhercules.home.nyu.edu%20is%20taking%20too%20long%20to%20respond.
Build info: version: &apos;3.4.0&apos;, revision: &apos;unknown&apos;, time: &apos;unknown&apos;
System info: host: &apos;ip-172-31-36-232&apos;, ip: &apos;172.31.36.232&apos;, os.name: &apos;Linux&apos;, os.arch: &apos;amd64&apos;, os.version: &apos;4.15.0-1043-aws&apos;, java.version: &apos;1.8.0_212&apos;
Driver info: org.openqa.selenium.firefox.FirefoxDriver
Capabilities [{moz:profile=/tmp/rust_mozprofile.kXT5Q5FRMGO6, rotatable=false, moz:geckodriverVersion=0.24.0, timeouts={implicit=0.0, pageLoad=300000.0, script=30000.0}, pageLoadStrategy=normal, unhandledPromptBehavior=dismiss and notify, strictFileInteractability=false, moz:headless=true, platform=ANY, moz:accessibilityChecks=false, moz:useNonSpecCompliantPointerOrigin=false, acceptInsecureCerts=false, browserVersion=68.0, moz:shutdownTimeout=60000.0, platformVersion=4.15.0-1043-aws, moz:processID=8279.0, browserName=firefox, moz:buildID=20190706110151, javascriptEnabled=true, platformName=linux, setWindowRect=true, moz:webdriverClick=true}]
Session ID: 0c57f6cf-78c8-4d7a-8677-66f73edb4148
	at sun.reflect.NativeConstructorAccessorImpl.newInstance0(Native Method)
	at sun.reflect.NativeConstructorAccessorImpl.newInstance(NativeConstructorAccessorImpl.java:62)
	at sun.reflect.DelegatingConstructorAccessorImpl.newInstance(DelegatingConstructorAccessorImpl.java:45)
	at java.lang.reflect.Constructor.newInstance(Constructor.java:423)
	at org.openqa.selenium.remote.http.W3CHttpResponseCodec.createException(W3CHttpResponseCodec.java:150)
	at org.openqa.selenium.remote.http.W3CHttpResponseCodec.decode(W3CHttpResponseCodec.java:115)
	at org.openqa.selenium.remote.http.W3CHttpResponseCodec.decode(W3CHttpResponseCodec.java:45)
	at org.openqa.selenium.remote.HttpCommandExecutor.execute(HttpCommandExecutor.java:164)
	at org.openqa.selenium.remote.service.DriverCommandExecutor.execute(DriverCommandExecutor.java:82)
	at org.openqa.selenium.remote.RemoteWebDriver.execute(RemoteWebDriver.java:637)
	at org.openqa.selenium.remote.RemoteWebDriver.get(RemoteWebDriver.java:364)
	at util.WebConnector.navigate(WebConnector.java:154)
	at util.WebConnector.nyuWebPublishingDefaultLogin(WebConnector.java:376)
	at stepDefinitions.stepDefinition.i_am_logged_into_wp_nyu_edu_in(stepDefinition.java:38)
	at ✽.Given I am logged into wp.nyu.edu in &quot;MozillaHL&quot;(Account.feature:12)
</error>
  </testcase>
  <testcase classname="| Y | MozillaHL |" name="And I close the browser" time="0.034">
    <skipped/>
  </testcase>
</testsuite>